<?xml version="1.0" encoding="UTF-8"?>
<!-- Generated by org.testng.reporters.JUnitReportReporter -->
<testsuite hostname="LAPTOP-8BIOQE05" failures="0" tests="1" name="com.shahar.tests.WallaTest" time="3.286" errors="0" timestamp="2021-06-10T18:01:57 IDT" skipped="0">
  <testcase classname="com.shahar.tests.WallaTest" name="tc01_verifyDollarChangeRate" time="3.286"/>
  <system-out/>
</testsuite> <!-- com.shahar.tests.WallaTest -->
